2020-02-21 20:39:42,268 |    pack.madgraph.run |   INFO | starting file logging for topic: run
2020-02-21 20:39:42,899 |    pack.madgraph.run |   INFO | b'************************************************************'
2020-02-21 20:39:42,900 |    pack.madgraph.run |   INFO | b'*                                                          *'
2020-02-21 20:39:42,900 |    pack.madgraph.run |   INFO | b'*                     W E L C O M E to                     *'
2020-02-21 20:39:42,900 |    pack.madgraph.run |   INFO | b'*              M A D G R A P H 5 _ a M C @ N L O           *'
2020-02-21 20:39:42,900 |    pack.madgraph.run |   INFO | b'*                                                          *'
2020-02-21 20:39:42,901 |    pack.madgraph.run |   INFO | b'*                                                          *'
2020-02-21 20:39:42,901 |    pack.madgraph.run |   INFO | b'*                 *                       *                *'
2020-02-21 20:39:42,901 |    pack.madgraph.run |   INFO | b'*                   *        * *        *                  *'
2020-02-21 20:39:42,901 |    pack.madgraph.run |   INFO | b'*                     * * * * 5 * * * *                    *'
2020-02-21 20:39:42,902 |    pack.madgraph.run |   INFO | b'*                   *        * *        *                  *'
2020-02-21 20:39:42,902 |    pack.madgraph.run |   INFO | b'*                 *                       *                *'
2020-02-21 20:39:42,902 |    pack.madgraph.run |   INFO | b'*                                                          *'
2020-02-21 20:39:42,902 |    pack.madgraph.run |   INFO | b'*         VERSION 2.6.7                 2019-10-16         *'
2020-02-21 20:39:42,903 |    pack.madgraph.run |   INFO | b'*                                                          *'
2020-02-21 20:39:42,903 |    pack.madgraph.run |   INFO | b'*    The MadGraph5_aMC@NLO Development Team - Find us at   *'
2020-02-21 20:39:42,903 |    pack.madgraph.run |   INFO | b'*    https://server06.fynu.ucl.ac.be/projects/madgraph     *'
2020-02-21 20:39:42,903 |    pack.madgraph.run |   INFO | b'*                            and                           *'
2020-02-21 20:39:42,904 |    pack.madgraph.run |   INFO | b'*            http://amcatnlo.web.cern.ch/amcatnlo/         *'
2020-02-21 20:39:42,904 |    pack.madgraph.run |   INFO | b'*                                                          *'
2020-02-21 20:39:42,904 |    pack.madgraph.run |   INFO | b"*               Type 'help' for in-line help.              *"
2020-02-21 20:39:42,904 |    pack.madgraph.run |   INFO | b"*           Type 'tutorial' to learn how MG5 works         *"
2020-02-21 20:39:42,904 |    pack.madgraph.run |   INFO | b"*    Type 'tutorial aMCatNLO' to learn how aMC@NLO works   *"
2020-02-21 20:39:42,905 |    pack.madgraph.run |   INFO | b"*    Type 'tutorial MadLoop' to learn how MadLoop works    *"
2020-02-21 20:39:42,905 |    pack.madgraph.run |   INFO | b'*                                                          *'
2020-02-21 20:39:42,905 |    pack.madgraph.run |   INFO | b'************************************************************'
2020-02-21 20:39:42,905 |    pack.madgraph.run |   INFO | b'load MG5 configuration from madgraph/input/mg5_configuration.txt'
2020-02-21 20:39:42,905 |    pack.madgraph.run |   INFO | b'set collier to /code/madgraph/HEPTools/collier'
2020-02-21 20:39:42,908 |    pack.madgraph.run |   INFO | b'fastjet-config does not seem to correspond to a valid fastjet-config executable (v3+). We will use fjcore instead.'
2020-02-21 20:39:42,909 |    pack.madgraph.run |   INFO | b"Please set the 'fastjet'variable to the full (absolute) /PATH/TO/fastjet-config (including fastjet-config)."
2020-02-21 20:39:42,909 |    pack.madgraph.run |   INFO | b'MG5_aMC> set fastjet /PATH/TO/fastjet-config'
2020-02-21 20:39:42,909 |    pack.madgraph.run |   INFO | b''
2020-02-21 20:39:42,916 |    pack.madgraph.run |   INFO | b'lhapdf-config does not seem to correspond to a valid lhapdf-config executable.'
2020-02-21 20:39:42,917 |    pack.madgraph.run |   INFO | b"Please set the 'lhapdf' variable to the (absolute) /PATH/TO/lhapdf-config (including lhapdf-config)."
2020-02-21 20:39:42,917 |    pack.madgraph.run |   INFO | b'Note that you can still compile and run aMC@NLO with the built-in PDFs'
2020-02-21 20:39:42,917 |    pack.madgraph.run |   INFO | b'MG5_aMC> set lhapdf /PATH/TO/lhapdf-config'
2020-02-21 20:39:42,917 |    pack.madgraph.run |   INFO | b''
2020-02-21 20:39:42,918 |    pack.madgraph.run |   INFO | b'set ninja to /code/madgraph/HEPTools/lib'
2020-02-21 20:39:42,918 |    pack.madgraph.run |   INFO | b'No valid text editor found. Please set in ./input/mg5_configuration.txt'
2020-02-21 20:39:42,918 |    pack.madgraph.run |   INFO | b'No valid eps viewer found. Please set in ./input/mg5_configuration.txt'
2020-02-21 20:39:42,919 |    pack.madgraph.run |   INFO | b'No valid web browser found. Please set in ./input/mg5_configuration.txt'
2020-02-21 20:39:42,919 |    pack.madgraph.run |   INFO | b'import /code/proc_card.dat'
2020-02-21 20:39:42,920 |    pack.madgraph.run |   INFO | b'The import format was not given, so we guess it as command'
2020-02-21 20:39:42,920 |    pack.madgraph.run |   INFO | b'import model DMsimp_s_spin1 --modelname'
2020-02-21 20:39:43,593 |    pack.madgraph.run |   INFO | b'\x1b[1;60mINFO: download model from http://feynrules.irmp.ucl.ac.be/raw-attachment/wiki/DMsimp/DMsimp_s_spin1.zip to the following directory: /code/madgraph/models \x1b[0m'
2020-02-21 20:39:43,600 |    pack.madgraph.run |   INFO | b'--2020-02-22 04:39:43--  http://feynrules.irmp.ucl.ac.be/raw-attachment/wiki/DMsimp/DMsimp_s_spin1.zip'
2020-02-21 20:39:44,488 |    pack.madgraph.run |   INFO | b'Resolving feynrules.irmp.ucl.ac.be (feynrules.irmp.ucl.ac.be)... 130.104.48.109'
2020-02-21 20:39:44,639 |    pack.madgraph.run |   INFO | b'Connecting to feynrules.irmp.ucl.ac.be (feynrules.irmp.ucl.ac.be)|130.104.48.109|:80... connected.'
2020-02-21 20:39:44,907 |    pack.madgraph.run |   INFO | b'HTTP request sent, awaiting response... 200 Ok'
2020-02-21 20:39:44,908 |    pack.madgraph.run |   INFO | b'Length: 28558 (28K) [application/zip]'
2020-02-21 20:39:44,908 |    pack.madgraph.run |   INFO | b"Saving to: 'tmp.tgz'"
2020-02-21 20:39:44,910 |    pack.madgraph.run |   INFO | b''
2020-02-21 20:39:45,069 |    pack.madgraph.run |   INFO | b'0K .......... .......... .......                         100%  172K=0.2s'
2020-02-21 20:39:45,069 |    pack.madgraph.run |   INFO | b''
2020-02-21 20:39:45,069 |    pack.madgraph.run |   INFO | b"2020-02-22 04:39:45 (172 KB/s) - 'tmp.tgz' saved [28558/28558]"
2020-02-21 20:39:45,070 |    pack.madgraph.run |   INFO | b''
2020-02-21 20:39:45,074 |    pack.madgraph.run |   INFO | b'Archive:  tmp.tgz'
2020-02-21 20:39:45,075 |    pack.madgraph.run |   INFO | b'creating: DMsimp_s_spin1/'
2020-02-21 20:39:45,075 |    pack.madgraph.run |   INFO | b'inflating: DMsimp_s_spin1/__init__.py'
2020-02-21 20:39:45,075 |    pack.madgraph.run |   INFO | b'inflating: DMsimp_s_spin1/coupling_orders.py'
2020-02-21 20:39:45,076 |    pack.madgraph.run |   INFO | b'inflating: DMsimp_s_spin1/couplings.py'
2020-02-21 20:39:45,076 |    pack.madgraph.run |   INFO | b'inflating: DMsimp_s_spin1/CT_couplings.py'
2020-02-21 20:39:45,078 |    pack.madgraph.run |   INFO | b'inflating: DMsimp_s_spin1/CT_vertices.py'
2020-02-21 20:39:45,078 |    pack.madgraph.run |   INFO | b'inflating: DMsimp_s_spin1/decays.py'
2020-02-21 20:39:45,078 |    pack.madgraph.run |   INFO | b'inflating: DMsimp_s_spin1/DMsimp_s_spin1.log'
2020-02-21 20:39:45,079 |    pack.madgraph.run |   INFO | b'inflating: DMsimp_s_spin1/function_library.py'
2020-02-21 20:39:45,079 |    pack.madgraph.run |   INFO | b'inflating: DMsimp_s_spin1/lorentz.py'
2020-02-21 20:39:45,079 |    pack.madgraph.run |   INFO | b'inflating: DMsimp_s_spin1/object_library.py'
2020-02-21 20:39:45,080 |    pack.madgraph.run |   INFO | b'inflating: DMsimp_s_spin1/parameters.py'
2020-02-21 20:39:45,080 |    pack.madgraph.run |   INFO | b'inflating: DMsimp_s_spin1/particles.py'
2020-02-21 20:39:45,080 |    pack.madgraph.run |   INFO | b'inflating: DMsimp_s_spin1/propagators.py'
2020-02-21 20:39:45,080 |    pack.madgraph.run |   INFO | b'inflating: DMsimp_s_spin1/vertices.py'
2020-02-21 20:39:45,080 |    pack.madgraph.run |   INFO | b'inflating: DMsimp_s_spin1/write_param_card.py'
2020-02-21 20:39:45,120 |    pack.madgraph.run |   INFO | b'INFO: load particles'
2020-02-21 20:39:45,122 |    pack.madgraph.run |   INFO | b'INFO: load vertices'
2020-02-21 20:39:45,219 |    pack.madgraph.run |   INFO | b'Defined multiparticle p = g u c d s u~ c~ d~ s~'
2020-02-21 20:39:45,220 |    pack.madgraph.run |   INFO | b'Defined multiparticle j = g u c d s u~ c~ d~ s~'
2020-02-21 20:39:45,221 |    pack.madgraph.run |   INFO | b'Defined multiparticle l+ = e+ mu+'
2020-02-21 20:39:45,222 |    pack.madgraph.run |   INFO | b'Defined multiparticle l- = e- mu-'
2020-02-21 20:39:45,223 |    pack.madgraph.run |   INFO | b'Defined multiparticle vl = ve vm vt'
2020-02-21 20:39:45,223 |    pack.madgraph.run |   INFO | b'Defined multiparticle vl~ = ve~ vm~ vt~'
2020-02-21 20:39:45,224 |    pack.madgraph.run |   INFO | b"\x1b[1;34mPass the definition of 'j' and 'p' to 5 flavour scheme.\x1b[0m"
2020-02-21 20:39:45,228 |    pack.madgraph.run |   INFO | b'Defined multiparticle all = g ghg ghg~ u c d s b u~ c~ d~ s~ b~ a gha gha~ ve vm vt e- mu- ve~ vm~ vt~ e+ mu+ t t~ z w+ ghz ghwp ghwm h xr xc y1 w- ghz~ ghwp~ ghwm~ xc~ ta- xd ta+ xd~'
2020-02-21 20:39:45,228 |    pack.madgraph.run |   INFO | b'generate p p > xd xd~ j'
2020-02-21 20:39:45,231 |    pack.madgraph.run |   INFO | b'INFO: Checking for minimal orders which gives processes.'
2020-02-21 20:39:45,232 |    pack.madgraph.run |   INFO | b'INFO: Please specify coupling orders to bypass this step.'
2020-02-21 20:39:45,245 |    pack.madgraph.run |   INFO | b'INFO: Trying coupling order WEIGHTED<=5: WEIGTHED IS 2*QED+2*DMV+QCD'
2020-02-21 20:39:45,261 |    pack.madgraph.run |   INFO | b'INFO: Trying process: g g > xd xd~ g DMV<=2 WEIGHTED<=5 @1'
2020-02-21 20:39:45,266 |    pack.madgraph.run |   INFO | b'INFO: Trying process: g u > xd xd~ u DMV<=2 WEIGHTED<=5 @1'
2020-02-21 20:39:45,271 |    pack.madgraph.run |   INFO | b'INFO: Process has 2 diagrams'
2020-02-21 20:39:45,272 |    pack.madgraph.run |   INFO | b'INFO: Trying process: g u > xd xd~ c DMV<=2 WEIGHTED<=5 @1'
2020-02-21 20:39:45,277 |    pack.madgraph.run |   INFO | b'INFO: Trying process: g c > xd xd~ u DMV<=2 WEIGHTED<=5 @1'
2020-02-21 20:39:45,280 |    pack.madgraph.run |   INFO | b'INFO: Trying process: g c > xd xd~ c DMV<=2 WEIGHTED<=5 @1'
2020-02-21 20:39:45,285 |    pack.madgraph.run |   INFO | b'INFO: Process has 2 diagrams'
2020-02-21 20:39:45,289 |    pack.madgraph.run |   INFO | b'INFO: Trying process: g d > xd xd~ d DMV<=2 WEIGHTED<=5 @1'
2020-02-21 20:39:45,295 |    pack.madgraph.run |   INFO | b'INFO: Process has 2 diagrams'
2020-02-21 20:39:45,296 |    pack.madgraph.run |   INFO | b'INFO: Trying process: g d > xd xd~ s DMV<=2 WEIGHTED<=5 @1'
2020-02-21 20:39:45,299 |    pack.madgraph.run |   INFO | b'INFO: Trying process: g d > xd xd~ b DMV<=2 WEIGHTED<=5 @1'
2020-02-21 20:39:45,303 |    pack.madgraph.run |   INFO | b'INFO: Process has 2 diagrams'
2020-02-21 20:39:45,305 |    pack.madgraph.run |   INFO | b'INFO: Trying process: g s > xd xd~ d DMV<=2 WEIGHTED<=5 @1'
2020-02-21 20:39:45,308 |    pack.madgraph.run |   INFO | b'INFO: Trying process: g s > xd xd~ s DMV<=2 WEIGHTED<=5 @1'
2020-02-21 20:39:45,313 |    pack.madgraph.run |   INFO | b'INFO: Process has 2 diagrams'
2020-02-21 20:39:45,315 |    pack.madgraph.run |   INFO | b'INFO: Trying process: g s > xd xd~ b DMV<=2 WEIGHTED<=5 @1'
2020-02-21 20:39:45,319 |    pack.madgraph.run |   INFO | b'INFO: Crossed process found for g u~ > xd xd~ u~, reuse diagrams.'
2020-02-21 20:39:45,322 |    pack.madgraph.run |   INFO | b'INFO: Crossed process found for g c~ > xd xd~ c~, reuse diagrams.'
2020-02-21 20:39:45,325 |    pack.madgraph.run |   INFO | b'INFO: Crossed process found for g d~ > xd xd~ d~, reuse diagrams.'
2020-02-21 20:39:45,326 |    pack.madgraph.run |   INFO | b'INFO: Trying process: g d~ > xd xd~ b~ DMV<=2 WEIGHTED<=5 @1'
2020-02-21 20:39:45,331 |    pack.madgraph.run |   INFO | b'INFO: Process has 2 diagrams'
2020-02-21 20:39:45,334 |    pack.madgraph.run |   INFO | b'INFO: Crossed process found for g s~ > xd xd~ s~, reuse diagrams.'
2020-02-21 20:39:45,335 |    pack.madgraph.run |   INFO | b'INFO: Trying process: g s~ > xd xd~ b~ DMV<=2 WEIGHTED<=5 @1'
2020-02-21 20:39:45,339 |    pack.madgraph.run |   INFO | b'INFO: Crossed process found for g b > xd xd~ d, reuse diagrams.'
2020-02-21 20:39:45,339 |    pack.madgraph.run |   INFO | b'INFO: Trying process: g b > xd xd~ b DMV<=2 WEIGHTED<=5 @1'
2020-02-21 20:39:45,345 |    pack.madgraph.run |   INFO | b'INFO: Process has 2 diagrams'
2020-02-21 20:39:45,348 |    pack.madgraph.run |   INFO | b'INFO: Crossed process found for g b~ > xd xd~ d~, reuse diagrams.'
2020-02-21 20:39:45,349 |    pack.madgraph.run |   INFO | b'INFO: Crossed process found for g b~ > xd xd~ b~, reuse diagrams.'
2020-02-21 20:39:45,350 |    pack.madgraph.run |   INFO | b'INFO: Process u g > xd xd~ u added to mirror process g u > xd xd~ u'
2020-02-21 20:39:45,358 |    pack.madgraph.run |   INFO | b'INFO: Crossed process found for u u~ > xd xd~ g, reuse diagrams.'
2020-02-21 20:39:45,365 |    pack.madgraph.run |   INFO | b'INFO: Process c g > xd xd~ c added to mirror process g c > xd xd~ c'
2020-02-21 20:39:45,375 |    pack.madgraph.run |   INFO | b'INFO: Crossed process found for c c~ > xd xd~ g, reuse diagrams.'
2020-02-21 20:39:45,379 |    pack.madgraph.run |   INFO | b'INFO: Process d g > xd xd~ d added to mirror process g d > xd xd~ d'
2020-02-21 20:39:45,380 |    pack.madgraph.run |   INFO | b'INFO: Process d g > xd xd~ b added to mirror process g d > xd xd~ b'
2020-02-21 20:39:45,388 |    pack.madgraph.run |   INFO | b'INFO: Crossed process found for d d~ > xd xd~ g, reuse diagrams.'
2020-02-21 20:39:45,392 |    pack.madgraph.run |   INFO | b'INFO: Crossed process found for d b~ > xd xd~ g, reuse diagrams.'
2020-02-21 20:39:45,394 |    pack.madgraph.run |   INFO | b'INFO: Process s g > xd xd~ s added to mirror process g s > xd xd~ s'
2020-02-21 20:39:45,403 |    pack.madgraph.run |   INFO | b'INFO: Crossed process found for s s~ > xd xd~ g, reuse diagrams.'
2020-02-21 20:39:45,406 |    pack.madgraph.run |   INFO | b'INFO: Process u~ g > xd xd~ u~ added to mirror process g u~ > xd xd~ u~'
2020-02-21 20:39:45,407 |    pack.madgraph.run |   INFO | b'INFO: Process u~ u > xd xd~ g added to mirror process u u~ > xd xd~ g'
2020-02-21 20:39:45,416 |    pack.madgraph.run |   INFO | b'INFO: Process c~ g > xd xd~ c~ added to mirror process g c~ > xd xd~ c~'
2020-02-21 20:39:45,418 |    pack.madgraph.run |   INFO | b'INFO: Process c~ c > xd xd~ g added to mirror process c c~ > xd xd~ g'
2020-02-21 20:39:45,426 |    pack.madgraph.run |   INFO | b'INFO: Process d~ g > xd xd~ d~ added to mirror process g d~ > xd xd~ d~'
2020-02-21 20:39:45,427 |    pack.madgraph.run |   INFO | b'INFO: Process d~ g > xd xd~ b~ added to mirror process g d~ > xd xd~ b~'
2020-02-21 20:39:45,429 |    pack.madgraph.run |   INFO | b'INFO: Process d~ d > xd xd~ g added to mirror process d d~ > xd xd~ g'
2020-02-21 20:39:45,435 |    pack.madgraph.run |   INFO | b'INFO: Crossed process found for d~ b > xd xd~ g, reuse diagrams.'
2020-02-21 20:39:45,438 |    pack.madgraph.run |   INFO | b'INFO: Process s~ g > xd xd~ s~ added to mirror process g s~ > xd xd~ s~'
2020-02-21 20:39:45,441 |    pack.madgraph.run |   INFO | b'INFO: Process s~ s > xd xd~ g added to mirror process s s~ > xd xd~ g'
2020-02-21 20:39:45,447 |    pack.madgraph.run |   INFO | b'INFO: Process b g > xd xd~ d added to mirror process g b > xd xd~ d'
2020-02-21 20:39:45,448 |    pack.madgraph.run |   INFO | b'INFO: Process b g > xd xd~ b added to mirror process g b > xd xd~ b'
2020-02-21 20:39:45,452 |    pack.madgraph.run |   INFO | b'INFO: Process b d~ > xd xd~ g added to mirror process d~ b > xd xd~ g'
2020-02-21 20:39:45,456 |    pack.madgraph.run |   INFO | b'INFO: Crossed process found for b b~ > xd xd~ g, reuse diagrams.'
2020-02-21 20:39:45,457 |    pack.madgraph.run |   INFO | b'INFO: Process b~ g > xd xd~ d~ added to mirror process g b~ > xd xd~ d~'
2020-02-21 20:39:45,458 |    pack.madgraph.run |   INFO | b'INFO: Process b~ g > xd xd~ b~ added to mirror process g b~ > xd xd~ b~'
2020-02-21 20:39:45,460 |    pack.madgraph.run |   INFO | b'INFO: Process b~ d > xd xd~ g added to mirror process d b~ > xd xd~ g'
2020-02-21 20:39:45,464 |    pack.madgraph.run |   INFO | b'INFO: Process b~ b > xd xd~ g added to mirror process b b~ > xd xd~ g'
2020-02-21 20:39:45,477 |    pack.madgraph.run |   INFO | b'21 processes with 42 diagrams generated in 0.246 s'
2020-02-21 20:39:45,478 |    pack.madgraph.run |   INFO | b'Total: 21 processes with 42 diagrams'
2020-02-21 20:39:45,478 |    pack.madgraph.run |   INFO | b'output output'
2020-02-21 20:39:45,479 |    pack.madgraph.run |   INFO | b'INFO: initialize a new directory: output'
2020-02-21 20:39:45,555 |    pack.madgraph.run |   INFO | b'INFO: remove old information in output'
2020-02-21 20:39:45,612 |    pack.madgraph.run |   INFO | b'INFO: Organizing processes into subprocess groups'
2020-02-21 20:39:45,614 |    pack.madgraph.run |   INFO | b'INFO: Generating Helas calls for process: g u > xd xd~ u DMV<=2 WEIGHTED<=5 @1'
2020-02-21 20:39:45,620 |    pack.madgraph.run |   INFO | b'INFO: Processing color information for process: g u > xd xd~ u DMV<=2 @1'
2020-02-21 20:39:45,621 |    pack.madgraph.run |   INFO | b'INFO: Generating Helas calls for process: g c > xd xd~ c DMV<=2 WEIGHTED<=5 @1'
2020-02-21 20:39:45,626 |    pack.madgraph.run |   INFO | b'INFO: Reusing existing color information for process: g c > xd xd~ c DMV<=2 @1'
2020-02-21 20:39:45,627 |    pack.madgraph.run |   INFO | b'INFO: Generating Helas calls for process: g d > xd xd~ d DMV<=2 WEIGHTED<=5 @1'
2020-02-21 20:39:45,632 |    pack.madgraph.run |   INFO | b'INFO: Reusing existing color information for process: g d > xd xd~ d DMV<=2 @1'
2020-02-21 20:39:45,633 |    pack.madgraph.run |   INFO | b'INFO: Generating Helas calls for process: g d > xd xd~ b DMV<=2 WEIGHTED<=5 @1'
2020-02-21 20:39:45,638 |    pack.madgraph.run |   INFO | b'INFO: Reusing existing color information for process: g d > xd xd~ b DMV<=2 @1'
2020-02-21 20:39:45,639 |    pack.madgraph.run |   INFO | b'INFO: Generating Helas calls for process: g s > xd xd~ s DMV<=2 WEIGHTED<=5 @1'
2020-02-21 20:39:45,644 |    pack.madgraph.run |   INFO | b'INFO: Reusing existing color information for process: g s > xd xd~ s DMV<=2 @1'
2020-02-21 20:39:45,645 |    pack.madgraph.run |   INFO | b'INFO: Generating Helas calls for process: g u~ > xd xd~ u~ DMV<=2 WEIGHTED<=5 @1'
2020-02-21 20:39:45,651 |    pack.madgraph.run |   INFO | b'INFO: Processing color information for process: g u~ > xd xd~ u~ DMV<=2 @1'
2020-02-21 20:39:45,652 |    pack.madgraph.run |   INFO | b'INFO: Generating Helas calls for process: g c~ > xd xd~ c~ DMV<=2 WEIGHTED<=5 @1'
2020-02-21 20:39:45,657 |    pack.madgraph.run |   INFO | b'INFO: Reusing existing color information for process: g c~ > xd xd~ c~ DMV<=2 @1'
2020-02-21 20:39:45,658 |    pack.madgraph.run |   INFO | b'INFO: Generating Helas calls for process: g d~ > xd xd~ d~ DMV<=2 WEIGHTED<=5 @1'
2020-02-21 20:39:45,663 |    pack.madgraph.run |   INFO | b'INFO: Reusing existing color information for process: g d~ > xd xd~ d~ DMV<=2 @1'
2020-02-21 20:39:45,664 |    pack.madgraph.run |   INFO | b'INFO: Generating Helas calls for process: g d~ > xd xd~ b~ DMV<=2 WEIGHTED<=5 @1'
2020-02-21 20:39:45,670 |    pack.madgraph.run |   INFO | b'INFO: Processing color information for process: g d~ > xd xd~ b~ DMV<=2 @1'
2020-02-21 20:39:45,671 |    pack.madgraph.run |   INFO | b'INFO: Generating Helas calls for process: g s~ > xd xd~ s~ DMV<=2 WEIGHTED<=5 @1'
2020-02-21 20:39:45,676 |    pack.madgraph.run |   INFO | b'INFO: Reusing existing color information for process: g s~ > xd xd~ s~ DMV<=2 @1'
2020-02-21 20:39:45,677 |    pack.madgraph.run |   INFO | b'INFO: Combined process g b > xd xd~ d DMV<=2 WEIGHTED<=5 @1 with process g d > xd xd~ b DMV<=2 WEIGHTED<=5 @1'
2020-02-21 20:39:45,678 |    pack.madgraph.run |   INFO | b'INFO: Generating Helas calls for process: g b > xd xd~ b DMV<=2 WEIGHTED<=5 @1'
2020-02-21 20:39:45,683 |    pack.madgraph.run |   INFO | b'INFO: Reusing existing color information for process: g b > xd xd~ b DMV<=2 @1'
2020-02-21 20:39:45,684 |    pack.madgraph.run |   INFO | b'INFO: Combined process g b~ > xd xd~ d~ DMV<=2 WEIGHTED<=5 @1 with process g d~ > xd xd~ b~ DMV<=2 WEIGHTED<=5 @1'
2020-02-21 20:39:45,685 |    pack.madgraph.run |   INFO | b'INFO: Generating Helas calls for process: g b~ > xd xd~ b~ DMV<=2 WEIGHTED<=5 @1'
2020-02-21 20:39:45,690 |    pack.madgraph.run |   INFO | b'INFO: Reusing existing color information for process: g b~ > xd xd~ b~ DMV<=2 @1'
2020-02-21 20:39:45,691 |    pack.madgraph.run |   INFO | b'INFO: Generating Helas calls for process: u u~ > xd xd~ g DMV<=2 WEIGHTED<=5 @1'
2020-02-21 20:39:45,697 |    pack.madgraph.run |   INFO | b'INFO: Processing color information for process: u u~ > xd xd~ g DMV<=2 @1'
2020-02-21 20:39:45,698 |    pack.madgraph.run |   INFO | b'INFO: Generating Helas calls for process: c c~ > xd xd~ g DMV<=2 WEIGHTED<=5 @1'
2020-02-21 20:39:45,703 |    pack.madgraph.run |   INFO | b'INFO: Reusing existing color information for process: c c~ > xd xd~ g DMV<=2 @1'
2020-02-21 20:39:45,704 |    pack.madgraph.run |   INFO | b'INFO: Generating Helas calls for process: d d~ > xd xd~ g DMV<=2 WEIGHTED<=5 @1'
2020-02-21 20:39:45,709 |    pack.madgraph.run |   INFO | b'INFO: Reusing existing color information for process: d d~ > xd xd~ g DMV<=2 @1'
2020-02-21 20:39:45,710 |    pack.madgraph.run |   INFO | b'INFO: Generating Helas calls for process: d b~ > xd xd~ g DMV<=2 WEIGHTED<=5 @1'
2020-02-21 20:39:45,716 |    pack.madgraph.run |   INFO | b'INFO: Reusing existing color information for process: d b~ > xd xd~ g DMV<=2 @1'
2020-02-21 20:39:45,717 |    pack.madgraph.run |   INFO | b'INFO: Generating Helas calls for process: s s~ > xd xd~ g DMV<=2 WEIGHTED<=5 @1'
2020-02-21 20:39:45,722 |    pack.madgraph.run |   INFO | b'INFO: Reusing existing color information for process: s s~ > xd xd~ g DMV<=2 @1'
2020-02-21 20:39:45,722 |    pack.madgraph.run |   INFO | b'INFO: Generating Helas calls for process: d~ b > xd xd~ g DMV<=2 WEIGHTED<=5 @1'
2020-02-21 20:39:45,728 |    pack.madgraph.run |   INFO | b'INFO: Processing color information for process: d~ b > xd xd~ g DMV<=2 @1'
2020-02-21 20:39:45,729 |    pack.madgraph.run |   INFO | b'INFO: Generating Helas calls for process: b b~ > xd xd~ g DMV<=2 WEIGHTED<=5 @1'
2020-02-21 20:39:45,734 |    pack.madgraph.run |   INFO | b'INFO: Reusing existing color information for process: b b~ > xd xd~ g DMV<=2 @1'
2020-02-21 20:39:45,735 |    pack.madgraph.run |   INFO | b'INFO: Creating files in directory P1_gq_xdxdxq'
2020-02-21 20:39:45,759 |    pack.madgraph.run |   INFO | b'INFO: Generating Feynman diagrams for Process: g u > xd xd~ u DMV<=2 WEIGHTED<=5 @1'
2020-02-21 20:39:45,776 |    pack.madgraph.run |   INFO | b'INFO: Generating Feynman diagrams for Process: g c > xd xd~ c DMV<=2 WEIGHTED<=5 @1'
2020-02-21 20:39:45,792 |    pack.madgraph.run |   INFO | b'INFO: Generating Feynman diagrams for Process: g d > xd xd~ d DMV<=2 WEIGHTED<=5 @1'
2020-02-21 20:39:45,809 |    pack.madgraph.run |   INFO | b'INFO: Generating Feynman diagrams for Process: g d > xd xd~ b DMV<=2 WEIGHTED<=5 @1'
2020-02-21 20:39:45,826 |    pack.madgraph.run |   INFO | b'INFO: Generating Feynman diagrams for Process: g s > xd xd~ s DMV<=2 WEIGHTED<=5 @1'
2020-02-21 20:39:45,842 |    pack.madgraph.run |   INFO | b'INFO: Generating Feynman diagrams for Process: g u~ > xd xd~ u~ DMV<=2 WEIGHTED<=5 @1'
2020-02-21 20:39:45,858 |    pack.madgraph.run |   INFO | b'INFO: Generating Feynman diagrams for Process: g c~ > xd xd~ c~ DMV<=2 WEIGHTED<=5 @1'
2020-02-21 20:39:45,874 |    pack.madgraph.run |   INFO | b'INFO: Generating Feynman diagrams for Process: g d~ > xd xd~ d~ DMV<=2 WEIGHTED<=5 @1'
2020-02-21 20:39:45,890 |    pack.madgraph.run |   INFO | b'INFO: Generating Feynman diagrams for Process: g d~ > xd xd~ b~ DMV<=2 WEIGHTED<=5 @1'
2020-02-21 20:39:45,906 |    pack.madgraph.run |   INFO | b'INFO: Generating Feynman diagrams for Process: g s~ > xd xd~ s~ DMV<=2 WEIGHTED<=5 @1'
2020-02-21 20:39:45,925 |    pack.madgraph.run |   INFO | b'INFO: Generating Feynman diagrams for Process: g b > xd xd~ b DMV<=2 WEIGHTED<=5 @1'
2020-02-21 20:39:45,941 |    pack.madgraph.run |   INFO | b'INFO: Generating Feynman diagrams for Process: g b~ > xd xd~ b~ DMV<=2 WEIGHTED<=5 @1'
2020-02-21 20:39:45,990 |    pack.madgraph.run |   INFO | b'INFO: Finding symmetric diagrams for subprocess group gq_xdxdxq'
2020-02-21 20:39:45,995 |    pack.madgraph.run |   INFO | b'INFO: Creating files in directory P1_qq_xdxdxg'
2020-02-21 20:39:46,014 |    pack.madgraph.run |   INFO | b'INFO: Generating Feynman diagrams for Process: u u~ > xd xd~ g DMV<=2 WEIGHTED<=5 @1'
2020-02-21 20:39:46,031 |    pack.madgraph.run |   INFO | b'INFO: Generating Feynman diagrams for Process: c c~ > xd xd~ g DMV<=2 WEIGHTED<=5 @1'
2020-02-21 20:39:46,046 |    pack.madgraph.run |   INFO | b'INFO: Generating Feynman diagrams for Process: d d~ > xd xd~ g DMV<=2 WEIGHTED<=5 @1'
2020-02-21 20:39:46,063 |    pack.madgraph.run |   INFO | b'INFO: Generating Feynman diagrams for Process: d b~ > xd xd~ g DMV<=2 WEIGHTED<=5 @1'
2020-02-21 20:39:46,082 |    pack.madgraph.run |   INFO | b'INFO: Generating Feynman diagrams for Process: s s~ > xd xd~ g DMV<=2 WEIGHTED<=5 @1'
2020-02-21 20:39:46,099 |    pack.madgraph.run |   INFO | b'INFO: Generating Feynman diagrams for Process: d~ b > xd xd~ g DMV<=2 WEIGHTED<=5 @1'
2020-02-21 20:39:46,115 |    pack.madgraph.run |   INFO | b'INFO: Generating Feynman diagrams for Process: b b~ > xd xd~ g DMV<=2 WEIGHTED<=5 @1'
2020-02-21 20:39:46,152 |    pack.madgraph.run |   INFO | b'INFO: Finding symmetric diagrams for subprocess group qq_xdxdxg'
2020-02-21 20:39:46,158 |    pack.madgraph.run |   INFO | b'Generated helas calls for 19 subprocesses (38 diagrams) in 0.123 s'
2020-02-21 20:39:46,158 |    pack.madgraph.run |   INFO | b'Wrote files for 190 helas calls in 0.423 s'
2020-02-21 20:39:46,296 |    pack.madgraph.run |   INFO | b'ALOHA: aloha creates FFV2 routines'
2020-02-21 20:39:46,324 |    pack.madgraph.run |   INFO | b'ALOHA: aloha creates FFV1 routines'
2020-02-21 20:39:46,404 |    pack.madgraph.run |   INFO | b'save configuration file to /code/output/Cards/me5_configuration.txt'
2020-02-21 20:39:46,413 |    pack.madgraph.run |   INFO | b'INFO: Use Fortran compiler gfortran'
2020-02-21 20:39:46,420 |    pack.madgraph.run |   INFO | b'INFO: Use c++ compiler g++'
2020-02-21 20:39:46,436 |    pack.madgraph.run |   INFO | b'INFO: Generate web pages'
2020-02-21 20:39:46,896 |    pack.madgraph.run |   INFO | b'Output to directory /code/output done.'
2020-02-21 20:39:46,896 |    pack.madgraph.run |   INFO | b'Type "launch" to generate events from this process, or see'
2020-02-21 20:39:46,897 |    pack.madgraph.run |   INFO | b'/code/output/README'
2020-02-21 20:39:46,897 |    pack.madgraph.run |   INFO | b'Run "open index.html" to see more information about this process.'
2020-02-21 20:39:46,897 |    pack.madgraph.run |   INFO | b'launch'
2020-02-21 20:39:46,900 |    pack.madgraph.run |   INFO | b'************************************************************'
2020-02-21 20:39:46,901 |    pack.madgraph.run |   INFO | b'*                                                          *'
2020-02-21 20:39:46,901 |    pack.madgraph.run |   INFO | b'*                      W E L C O M E to                    *'
2020-02-21 20:39:46,901 |    pack.madgraph.run |   INFO | b'*             M A D G R A P H 5 _ a M C @ N L O            *'
2020-02-21 20:39:46,902 |    pack.madgraph.run |   INFO | b'*                      M A D E V E N T                     *'
2020-02-21 20:39:46,902 |    pack.madgraph.run |   INFO | b'*                                                          *'
2020-02-21 20:39:46,902 |    pack.madgraph.run |   INFO | b'*                 *                       *                *'
2020-02-21 20:39:46,902 |    pack.madgraph.run |   INFO | b'*                   *        * *        *                  *'
2020-02-21 20:39:46,903 |    pack.madgraph.run |   INFO | b'*                     * * * * 5 * * * *                    *'
2020-02-21 20:39:46,903 |    pack.madgraph.run |   INFO | b'*                   *        * *        *                  *'
2020-02-21 20:39:46,903 |    pack.madgraph.run |   INFO | b'*                 *                       *                *'
2020-02-21 20:39:46,903 |    pack.madgraph.run |   INFO | b'*                                                          *'
2020-02-21 20:39:46,903 |    pack.madgraph.run |   INFO | b'*         VERSION 2.6.7                 2019-10-16         *'
2020-02-21 20:39:46,904 |    pack.madgraph.run |   INFO | b'*                                                          *'
2020-02-21 20:39:46,904 |    pack.madgraph.run |   INFO | b'*    The MadGraph5_aMC@NLO Development Team - Find us at   *'
2020-02-21 20:39:46,904 |    pack.madgraph.run |   INFO | b'*    https://server06.fynu.ucl.ac.be/projects/madgraph     *'
2020-02-21 20:39:46,904 |    pack.madgraph.run |   INFO | b'*                                                          *'
2020-02-21 20:39:46,905 |    pack.madgraph.run |   INFO | b"*               Type 'help' for in-line help.              *"
2020-02-21 20:39:46,905 |    pack.madgraph.run |   INFO | b'*                                                          *'
2020-02-21 20:39:46,905 |    pack.madgraph.run |   INFO | b'************************************************************'
2020-02-21 20:39:46,905 |    pack.madgraph.run |   INFO | b'INFO: load configuration from /code/output/Cards/me5_configuration.txt'
2020-02-21 20:39:46,906 |    pack.madgraph.run |   INFO | b'INFO: load configuration from /code/madgraph/input/mg5_configuration.txt'
2020-02-21 20:39:46,906 |    pack.madgraph.run |   INFO | b'INFO: load configuration from /code/output/Cards/me5_configuration.txt'
2020-02-21 20:39:46,906 |    pack.madgraph.run |   INFO | b'No valid text editor found. Please set in ./input/mg5_configuration.txt'
2020-02-21 20:39:46,907 |    pack.madgraph.run |   INFO | b'No valid eps viewer found. Please set in ./input/mg5_configuration.txt'
2020-02-21 20:39:46,907 |    pack.madgraph.run |   INFO | b'No valid web browser found. Please set in ./input/mg5_configuration.txt'
2020-02-21 20:39:46,909 |    pack.madgraph.run |   INFO | b'generate_events run_01'
2020-02-21 20:39:46,913 |    pack.madgraph.run |   INFO | b"stty: 'standard input': Inappropriate ioctl for device"
2020-02-21 20:39:46,914 |    pack.madgraph.run |   INFO | b'\x1b[1;34m"OFF" not valid option for "shower"\x1b[0m'
2020-02-21 20:39:46,919 |    pack.madgraph.run |   INFO | b"stty: 'standard input': Inappropriate ioctl for device"
2020-02-21 20:39:46,928 |    pack.madgraph.run |   INFO | b'The following switches determine which programs are run:'
2020-02-21 20:39:46,929 |    pack.madgraph.run |   INFO | b'/===========================================================================\\'
2020-02-21 20:39:46,929 |    pack.madgraph.run |   INFO | b'| 1. Choose the shower/hadronization program   \x1b[1m  shower\x1b[0m = \x1b[01mNot Avail.\x1b[0m        |'
2020-02-21 20:39:46,929 |    pack.madgraph.run |   INFO | b'| 2. Choose the detector simulation program    \x1b[1mdetector\x1b[0m = \x1b[01mNot Avail.\x1b[0m        |'
2020-02-21 20:39:46,929 |    pack.madgraph.run |   INFO | b'| 3. Choose an analysis package (plot/convert) \x1b[1manalysis\x1b[0m = \x1b[01mNot Avail.\x1b[0m        |'
2020-02-21 20:39:46,930 |    pack.madgraph.run |   INFO | b'| 4. Decay onshell particles                   \x1b[1m madspin\x1b[0m = \x1b[31mOFF\x1b[0m               |'
2020-02-21 20:39:46,930 |    pack.madgraph.run |   INFO | b'| 5. Add weights to events for new hypp.       \x1b[1mreweight\x1b[0m = \x1b[31mOFF\x1b[0m               |'
2020-02-21 20:39:46,930 |    pack.madgraph.run |   INFO | b'\\===========================================================================/'
2020-02-21 20:39:46,930 |    pack.madgraph.run |   INFO | b'Either type the switch number (1 to 5) to change its setting,'
2020-02-21 20:39:46,931 |    pack.madgraph.run |   INFO | b"Set any switch explicitly (e.g. type 'madspin=ON' at the prompt)"
2020-02-21 20:39:46,931 |    pack.madgraph.run |   INFO | b"Type 'help' for the list of all valid option"
2020-02-21 20:39:46,931 |    pack.madgraph.run |   INFO | b"Type '0', 'auto', 'done' or just press enter when you are done."
2020-02-21 20:39:46,931 |    pack.madgraph.run |   INFO | b'The following switches determine which programs are run:'
2020-02-21 20:39:46,931 |    pack.madgraph.run |   INFO | b'/===========================================================================\\'
2020-02-21 20:39:46,932 |    pack.madgraph.run |   INFO | b'| 1. Choose the shower/hadronization program   \x1b[1m  shower\x1b[0m = \x1b[31mOFF\x1b[0m               |'
2020-02-21 20:39:46,932 |    pack.madgraph.run |   INFO | b'| 2. Choose the detector simulation program    \x1b[1mdetector\x1b[0m = \x1b[31mOFF\x1b[0m               |'
2020-02-21 20:39:46,932 |    pack.madgraph.run |   INFO | b'| 3. Choose an analysis package (plot/convert) \x1b[1manalysis\x1b[0m = \x1b[31mOFF\x1b[0m               |'
2020-02-21 20:39:46,932 |    pack.madgraph.run |   INFO | b'| 4. Decay onshell particles                   \x1b[1m madspin\x1b[0m = \x1b[31mOFF\x1b[0m               |'
2020-02-21 20:39:46,933 |    pack.madgraph.run |   INFO | b'| 5. Add weights to events for new hypp.       \x1b[1mreweight\x1b[0m = \x1b[31mOFF\x1b[0m               |'
2020-02-21 20:39:46,933 |    pack.madgraph.run |   INFO | b'\\===========================================================================/'
2020-02-21 20:39:46,933 |    pack.madgraph.run |   INFO | b'Either type the switch number (1 to 5) to change its setting,'
2020-02-21 20:39:46,933 |    pack.madgraph.run |   INFO | b"Set any switch explicitly (e.g. type 'madspin=ON' at the prompt)"
2020-02-21 20:39:46,933 |    pack.madgraph.run |   INFO | b"Type 'help' for the list of all valid option"
2020-02-21 20:39:46,934 |    pack.madgraph.run |   INFO | b"Type '0', 'auto', 'done' or just press enter when you are done."
2020-02-21 20:39:46,934 |    pack.madgraph.run |   INFO | b'set nevents 1000'
2020-02-21 20:39:46,934 |    pack.madgraph.run |   INFO | b'\x1b[1mINFO: modify parameter nevents of the run_card.dat to 1000 \x1b[0m'
2020-02-21 20:39:51,935 |    pack.madgraph.run |   INFO | b'INFO: Update the dependent parameter of the param_card.dat'
2020-02-21 20:39:52,110 |    pack.madgraph.run |   INFO | b'Generating 1000 events with run name run_01'
2020-02-21 20:39:52,110 |    pack.madgraph.run |   INFO | b'survey  run_01'
2020-02-21 20:39:52,113 |    pack.madgraph.run |   INFO | b'INFO: compile directory'
2020-02-21 20:39:52,113 |    pack.madgraph.run |   INFO | b'\x1b[1;34mNot able to open file /code/output/crossx.html since no program configured.Please set one in ./input/mg5_configuration.txt\x1b[0m'
2020-02-21 20:39:52,164 |    pack.madgraph.run |   INFO | b'compile Source Directory'
2020-02-21 20:39:54,567 |    pack.madgraph.run |   INFO | b'Using random number seed offset = 21'
2020-02-21 20:39:54,567 |    pack.madgraph.run |   INFO | b'INFO: Running Survey'
2020-02-21 20:39:54,568 |    pack.madgraph.run |   INFO | b'Creating Jobs'
2020-02-21 20:39:54,569 |    pack.madgraph.run |   INFO | b'Working on SubProcesses'
2020-02-21 20:39:54,570 |    pack.madgraph.run |   INFO | b'INFO:     P1_gq_xdxdxq'
2020-02-21 20:39:56,633 |    pack.madgraph.run |   INFO | b'INFO:     P1_qq_xdxdxg'
2020-02-21 20:39:58,618 |    pack.madgraph.run |   INFO | b'INFO:  Idle: 1,  Running: 0,  Completed: 1 [ current time: 04h39 ]'
2020-02-21 20:39:58,621 |    pack.madgraph.run |   INFO | b'INFO:  Idle: 0,  Running: 1,  Completed: 1 [ current time: 04h39 ]'
2020-02-21 20:39:59,541 |    pack.madgraph.run |   INFO | b'INFO:  Idle: 0,  Running: 0,  Completed: 2 [  0.92s  ]'
2020-02-21 20:39:59,542 |    pack.madgraph.run |   INFO | b'INFO: End survey'
2020-02-21 20:39:59,543 |    pack.madgraph.run |   INFO | b'refine 1000'
2020-02-21 20:39:59,544 |    pack.madgraph.run |   INFO | b'Creating Jobs'
2020-02-21 20:39:59,544 |    pack.madgraph.run |   INFO | b'INFO: Refine results to 1000'
2020-02-21 20:39:59,546 |    pack.madgraph.run |   INFO | b'INFO: Generating 1000.0 unweigthed events.'
2020-02-21 20:39:59,547 |    pack.madgraph.run |   INFO | b'INFO: Effective Luminosity 39.0350661758 pb^-1'
2020-02-21 20:39:59,547 |    pack.madgraph.run |   INFO | b'INFO: need to improve 0 channels'
2020-02-21 20:39:59,551 |    pack.madgraph.run |   INFO | b'Current estimate of cross-section: 30.74159 +- 0.275133382416'
2020-02-21 20:39:59,552 |    pack.madgraph.run |   INFO | b'P1_gq_xdxdxq'
2020-02-21 20:39:59,552 |    pack.madgraph.run |   INFO | b'P1_qq_xdxdxg'
2020-02-21 20:39:59,552 |    pack.madgraph.run |   INFO | b'INFO:  Idle: 0,  Running: 0,  Completed: 0 [ current time: 04h39 ]'
2020-02-21 20:39:59,553 |    pack.madgraph.run |   INFO | b'INFO: Combining runs'
2020-02-21 20:39:59,556 |    pack.madgraph.run |   INFO | b'INFO: finish refine'
2020-02-21 20:39:59,556 |    pack.madgraph.run |   INFO | b'refine 1000'
2020-02-21 20:39:59,557 |    pack.madgraph.run |   INFO | b'Creating Jobs'
2020-02-21 20:39:59,557 |    pack.madgraph.run |   INFO | b'INFO: Refine results to 1000'
2020-02-21 20:39:59,558 |    pack.madgraph.run |   INFO | b'INFO: Generating 1000.0 unweigthed events.'
2020-02-21 20:39:59,559 |    pack.madgraph.run |   INFO | b'INFO: Effective Luminosity 39.0350661758 pb^-1'
2020-02-21 20:39:59,560 |    pack.madgraph.run |   INFO | b'INFO: need to improve 0 channels'
2020-02-21 20:39:59,563 |    pack.madgraph.run |   INFO | b'Current estimate of cross-section: 30.74159 +- 0.275133382416'
2020-02-21 20:39:59,564 |    pack.madgraph.run |   INFO | b'P1_gq_xdxdxq'
2020-02-21 20:39:59,564 |    pack.madgraph.run |   INFO | b'P1_qq_xdxdxg'
2020-02-21 20:39:59,564 |    pack.madgraph.run |   INFO | b'INFO:  Idle: 0,  Running: 0,  Completed: 0 [ current time: 04h39 ]'
2020-02-21 20:39:59,565 |    pack.madgraph.run |   INFO | b'INFO: Combining runs'
2020-02-21 20:39:59,567 |    pack.madgraph.run |   INFO | b'INFO: finish refine'
2020-02-21 20:39:59,568 |    pack.madgraph.run |   INFO | b'INFO: Combining Events'
2020-02-21 20:40:01,395 |    pack.madgraph.run |   INFO | b'=== Results Summary for run: run_01 tag: tag_1 ==='
2020-02-21 20:40:01,396 |    pack.madgraph.run |   INFO | b''
2020-02-21 20:40:01,396 |    pack.madgraph.run |   INFO | b'Cross-section :   30.74 +- 0.2751 pb'
2020-02-21 20:40:01,396 |    pack.madgraph.run |   INFO | b'Nb of events :  1000'
2020-02-21 20:40:01,396 |    pack.madgraph.run |   INFO | b''
2020-02-21 20:40:01,403 |    pack.madgraph.run |   INFO | b'INFO: No version of lhapdf. Can not run systematics computation'
2020-02-21 20:40:01,403 |    pack.madgraph.run |   INFO | b'store_events'
2020-02-21 20:40:01,403 |    pack.madgraph.run |   INFO | b'INFO: Storing parton level results'
2020-02-21 20:40:01,418 |    pack.madgraph.run |   INFO | b'INFO: End Parton'
2020-02-21 20:40:01,419 |    pack.madgraph.run |   INFO | b'reweight -from_cards'
2020-02-21 20:40:01,419 |    pack.madgraph.run |   INFO | b'decay_events -from_cards'
2020-02-21 20:40:01,454 |    pack.madgraph.run |   INFO | b'INFO: storing files of previous run'
2020-02-21 20:40:01,455 |    pack.madgraph.run |   INFO | b'INFO: Done'
2020-02-21 20:40:01,457 |    pack.madgraph.run |   INFO | b'quit'
2020-02-21 20:40:01,457 |    pack.madgraph.run |   INFO | b'INFO:'
2020-02-21 20:40:01,470 |    pack.madgraph.run |   INFO | b'more information in /code/output/index.html'
2020-02-21 20:40:01,471 |    pack.madgraph.run |   INFO | b'quit'
2020-02-21 20:40:01,530 |    pack.madgraph.run |   INFO | b'cwd=/code'
2020-02-21 20:40:01,531 |    pack.madgraph.run |   INFO | b'ufotar=None'
2020-02-21 20:40:01,531 |    pack.madgraph.run |   INFO | b'proc_card=/Users/vlad/Documents/EPEprojects/yadage-tests/madgraph_pythia-rivet/inputs/proc_card_dm.dat'
2020-02-21 20:40:01,531 |    pack.madgraph.run |   INFO | b'param_card=None'
2020-02-21 20:40:01,531 |    pack.madgraph.run |   INFO | b'run_card=None'
