2020-02-21 20:40:01,926 |     pack.pythia.step |   INFO | starting file logging for topic: step
2020-02-21 20:40:01,993 |     pack.pythia.step |  DEBUG | 
--------------
running one liner in container.
command: python steer_pythia.py /Users/vlad/Documents/EPEprojects/yadage-tests/madgraph_pythia-rivet/workdir/madgraph/events.lhe /Users/vlad/Documents/EPEprojects/yadage-tests/madgraph_pythia-rivet/workdir/pythia/output.hepmc 1000
--------------
    
2020-02-21 20:40:01,993 |     pack.pythia.step |  DEBUG | 
--------------
run in docker container image: recast/madgraph-pythia
with env: default env
resources: []
--------------
    
2020-02-21 20:40:01,993 |     pack.pythia.step |  DEBUG | do_auth: False do_cvmfs: False
2020-02-21 20:40:01,994 |     pack.pythia.step |  DEBUG | rspec is
{
    "mounts": [
        {
            "type": "bind",
            "source": "/Users/vlad/Documents/EPEprojects/yadage-tests/madgraph_pythia-rivet/workdir/pythia",
            "destination": "/Users/vlad/Documents/EPEprojects/yadage-tests/madgraph_pythia-rivet/workdir/pythia",
            "readonly": false
        },
        {
            "type": "bind",
            "source": "/Users/vlad/Documents/EPEprojects/yadage-tests/madgraph_pythia-rivet/inputs",
            "destination": "/Users/vlad/Documents/EPEprojects/yadage-tests/madgraph_pythia-rivet/inputs",
            "readonly": false
        },
        {
            "type": "bind",
            "source": "/Users/vlad/Documents/EPEprojects/yadage-tests/madgraph_pythia-rivet/workdir/madgraph",
            "destination": "/Users/vlad/Documents/EPEprojects/yadage-tests/madgraph_pythia-rivet/workdir/madgraph",
            "readonly": false
        }
    ],
    "image": "recast/madgraph-pythia:2.6.6",
    "workdir": null,
    "argv": [
        "sh",
        "-c",
        "python steer_pythia.py /Users/vlad/Documents/EPEprojects/yadage-tests/madgraph_pythia-rivet/workdir/madgraph/events.lhe /Users/vlad/Documents/EPEprojects/yadage-tests/madgraph_pythia-rivet/workdir/pythia/output.hepmc 1000"
    ],
    "stdin": null,
    "tty": false
}
2020-02-21 20:40:01,994 |     pack.pythia.step |  DEBUG | command: 
docker pull recast/madgraph-pythia:2.6.6
2020-02-21 20:40:01,994 |     pack.pythia.step |  DEBUG | stdin if any: None
2020-02-21 20:40:01,999 |     pack.pythia.step |  DEBUG | started subprocess with pid 87084. now wait to finish
2020-02-21 20:40:02,506 |     pack.pythia.step |  DEBUG | process children: []
2020-02-21 20:40:03,288 |     pack.pythia.step |  DEBUG | container execution subprocess finished. return code: 0
2020-02-21 20:40:03,288 |     pack.pythia.step |  DEBUG | moving on from subprocess execution: docker pull recast/madgraph-pythia:2.6.6
2020-02-21 20:40:03,289 |     pack.pythia.step |  DEBUG | finally for docker pull recast/madgraph-pythia:2.6.6
2020-02-21 20:40:03,289 |     pack.pythia.step |  DEBUG | command: 
docker run --rm   --cidfile /Users/vlad/Documents/EPEprojects/yadage-tests/madgraph_pythia-rivet/workdir/pythia/_packtivity/pythia.cid     -v /Users/vlad/Documents/EPEprojects/yadage-tests/madgraph_pythia-rivet/workdir/pythia:/Users/vlad/Documents/EPEprojects/yadage-tests/madgraph_pythia-rivet/workdir/pythia:rw -v /Users/vlad/Documents/EPEprojects/yadage-tests/madgraph_pythia-rivet/inputs:/Users/vlad/Documents/EPEprojects/yadage-tests/madgraph_pythia-rivet/inputs:rw -v /Users/vlad/Documents/EPEprojects/yadage-tests/madgraph_pythia-rivet/workdir/madgraph:/Users/vlad/Documents/EPEprojects/yadage-tests/madgraph_pythia-rivet/workdir/madgraph:rw recast/madgraph-pythia:2.6.6 sh -c 'python steer_pythia.py /Users/vlad/Documents/EPEprojects/yadage-tests/madgraph_pythia-rivet/workdir/madgraph/events.lhe /Users/vlad/Documents/EPEprojects/yadage-tests/madgraph_pythia-rivet/workdir/pythia/output.hepmc 1000'
2020-02-21 20:40:03,289 |     pack.pythia.step |  DEBUG | stdin if any: None
2020-02-21 20:40:03,293 |     pack.pythia.step |  DEBUG | started subprocess with pid 87088. now wait to finish
2020-02-21 20:40:03,799 |     pack.pythia.step |  DEBUG | process children: []
2020-02-21 20:40:41,616 |     pack.pythia.step |  DEBUG | container execution subprocess finished. return code: 0
2020-02-21 20:40:41,617 |     pack.pythia.step |  DEBUG | moving on from subprocess execution: docker run --rm   --cidfile /Users/vlad/Documents/EPEprojects/yadage-tests/madgraph_pythia-rivet/workdir/pythia/_packtivity/pythia.cid     -v /Users/vlad/Documents/EPEprojects/yadage-tests/madgraph_pythia-rivet/workdir/pythia:/Users/vlad/Documents/EPEprojects/yadage-tests/madgraph_pythia-rivet/workdir/pythia:rw -v /Users/vlad/Documents/EPEprojects/yadage-tests/madgraph_pythia-rivet/inputs:/Users/vlad/Documents/EPEprojects/yadage-tests/madgraph_pythia-rivet/inputs:rw -v /Users/vlad/Documents/EPEprojects/yadage-tests/madgraph_pythia-rivet/workdir/madgraph:/Users/vlad/Documents/EPEprojects/yadage-tests/madgraph_pythia-rivet/workdir/madgraph:rw recast/madgraph-pythia:2.6.6 sh -c 'python steer_pythia.py /Users/vlad/Documents/EPEprojects/yadage-tests/madgraph_pythia-rivet/workdir/madgraph/events.lhe /Users/vlad/Documents/EPEprojects/yadage-tests/madgraph_pythia-rivet/workdir/pythia/output.hepmc 1000'
2020-02-21 20:40:41,617 |     pack.pythia.step |  DEBUG | finally for docker run --rm   --cidfile /Users/vlad/Documents/EPEprojects/yadage-tests/madgraph_pythia-rivet/workdir/pythia/_packtivity/pythia.cid     -v /Users/vlad/Documents/EPEprojects/yadage-tests/madgraph_pythia-rivet/workdir/pythia:/Users/vlad/Documents/EPEprojects/yadage-tests/madgraph_pythia-rivet/workdir/pythia:rw -v /Users/vlad/Documents/EPEprojects/yadage-tests/madgraph_pythia-rivet/inputs:/Users/vlad/Documents/EPEprojects/yadage-tests/madgraph_pythia-rivet/inputs:rw -v /Users/vlad/Documents/EPEprojects/yadage-tests/madgraph_pythia-rivet/workdir/madgraph:/Users/vlad/Documents/EPEprojects/yadage-tests/madgraph_pythia-rivet/workdir/madgraph:rw recast/madgraph-pythia:2.6.6 sh -c 'python steer_pythia.py /Users/vlad/Documents/EPEprojects/yadage-tests/madgraph_pythia-rivet/workdir/madgraph/events.lhe /Users/vlad/Documents/EPEprojects/yadage-tests/madgraph_pythia-rivet/workdir/pythia/output.hepmc 1000'
2020-02-21 20:40:41,628 |     pack.pythia.step |   INFO | publishing data: <TypedLeafs: {'hepmc': '/Users/vlad/Documents/EPEprojects/yadage-tests/madgraph_pythia-rivet/workdir/pythia/output.hepmc'}>
