2020-02-21 20:40:43,133 |       pack.rivet.run |   INFO | starting file logging for topic: run
2020-02-21 20:40:43,993 |       pack.rivet.run |   INFO | b'Rivet 2.7.2 running on machine a90f72a0e42c (x86_64) at 2020-02-22 04:40:44'
2020-02-21 20:40:44,046 |       pack.rivet.run |   INFO | b"Reading events from '/Users/vlad/Documents/EPEprojects/yadage-tests/madgraph_pythia-rivet/workdir/pythia/output.hepmc'"
2020-02-21 20:40:44,061 |       pack.rivet.run |   INFO | b'#--------------------------------------------------------------------------'
2020-02-21 20:40:44,062 |       pack.rivet.run |   INFO | b'#                         FastJet release 3.3.2'
2020-02-21 20:40:44,062 |       pack.rivet.run |   INFO | b'#                 M. Cacciari, G.P. Salam and G. Soyez'
2020-02-21 20:40:44,062 |       pack.rivet.run |   INFO | b'#     A software package for jet finding and analysis at colliders'
2020-02-21 20:40:44,062 |       pack.rivet.run |   INFO | b'#                           http://fastjet.fr'
2020-02-21 20:40:44,063 |       pack.rivet.run |   INFO | b'#'
2020-02-21 20:40:44,063 |       pack.rivet.run |   INFO | b'# Please cite EPJC72(2012)1896 [arXiv:1111.6097] if you use this package'
2020-02-21 20:40:44,063 |       pack.rivet.run |   INFO | b'# for scientific work and optionally PLB641(2006)57 [hep-ph/0512210].'
2020-02-21 20:40:44,064 |       pack.rivet.run |   INFO | b'#'
2020-02-21 20:40:44,064 |       pack.rivet.run |   INFO | b'# FastJet is provided without warranty under the terms of the GNU GPLv2.'
2020-02-21 20:40:44,064 |       pack.rivet.run |   INFO | b"# It uses T. Chan's closest pair algorithm, S. Fortune's Voronoi code"
2020-02-21 20:40:44,064 |       pack.rivet.run |   INFO | b'# and 3rd party plugin jet algorithms. See COPYING file for details.'
2020-02-21 20:40:44,064 |       pack.rivet.run |   INFO | b'#--------------------------------------------------------------------------'
2020-02-21 20:40:45,473 |       pack.rivet.run |   INFO | b'Event 100 (0:00:01 elapsed)'
2020-02-21 20:40:46,895 |       pack.rivet.run |   INFO | b'Event 200 (0:00:02 elapsed)'
2020-02-21 20:40:48,345 |       pack.rivet.run |   INFO | b'Event 300 (0:00:04 elapsed)'
2020-02-21 20:40:49,794 |       pack.rivet.run |   INFO | b'Event 400 (0:00:05 elapsed)'
2020-02-21 20:40:51,310 |       pack.rivet.run |   INFO | b'Event 500 (0:00:07 elapsed)'
2020-02-21 20:40:52,743 |       pack.rivet.run |   INFO | b'Event 600 (0:00:08 elapsed)'
2020-02-21 20:40:54,318 |       pack.rivet.run |   INFO | b'Event 700 (0:00:10 elapsed)'
2020-02-21 20:40:56,109 |       pack.rivet.run |   INFO | b'Event 800 (0:00:12 elapsed)'
2020-02-21 20:40:57,563 |       pack.rivet.run |   INFO | b'Event 900 (0:00:13 elapsed)'
2020-02-21 20:40:58,997 |       pack.rivet.run |   INFO | b'Event 1000 (0:00:15 elapsed)'
2020-02-21 20:40:59,004 |       pack.rivet.run |   INFO | b'Rivet.Analysis.Handler: INFO  Dumping intermediate results to /Users/vlad/Documents/EPEprojects/yadage-tests/madgraph_pythia-rivet/workdir/rivet/rivet_analysis.yoda.'
2020-02-21 20:40:59,004 |       pack.rivet.run |   INFO | b'Rivet.Analysis.Handler: INFO  Finalising analyses'
2020-02-21 20:40:59,004 |       pack.rivet.run |   INFO | b'Rivet.Analysis.Handler: INFO  Skipping finalize in periodic dump of ATLAS_2016_I1458270 as it is not declared reentrant.'
2020-02-21 20:40:59,004 |       pack.rivet.run |   INFO | b'Rivet.Analysis.Handler: INFO  Processed 1000 events'
2020-02-21 20:40:59,005 |       pack.rivet.run |   INFO | b''
2020-02-21 20:40:59,005 |       pack.rivet.run |   INFO | b'The MCnet usage guidelines apply to Rivet: see http://www.montecarlonet.org/GUIDELINES'
2020-02-21 20:40:59,005 |       pack.rivet.run |   INFO | b'Please acknowledge plots made with Rivet analyses, and cite arXiv:1003.0694 (http://arxiv.org/abs/1003.0694)'
2020-02-21 20:40:59,014 |       pack.rivet.run |   INFO | b'Finished event loop at 2020-02-22 04:40:59'
2020-02-21 20:40:59,014 |       pack.rivet.run |   INFO | b'Cross-section = 3.074159e+01 pb'
2020-02-21 20:40:59,015 |       pack.rivet.run |   INFO | b''
2020-02-21 20:40:59,015 |       pack.rivet.run |   INFO | b'Rivet.Analysis.Handler: INFO  Finalising analyses'
2020-02-21 20:40:59,016 |       pack.rivet.run |   INFO | b'Rivet.Analysis.ATLAS_2016_I1458270: INFO  CUTFLOWS:'
2020-02-21 20:40:59,017 |       pack.rivet.run |   INFO | b''
2020-02-21 20:40:59,017 |       pack.rivet.run |   INFO | b'2jl cut-flow:'
2020-02-21 20:40:59,017 |       pack.rivet.run |   INFO | b'Count    A_cumu    A_incr'
2020-02-21 20:40:59,017 |       pack.rivet.run |   INFO | b'1000.0      100%        -'
2020-02-21 20:40:59,018 |       pack.rivet.run |   INFO | b'Pass Pre-sel+MET+pT1     67.0        7%        7%'
2020-02-21 20:40:59,018 |       pack.rivet.run |   INFO | b'Pass Njet                67.0        7%      100%'
2020-02-21 20:40:59,018 |       pack.rivet.run |   INFO | b'Pass Dphi_min(j,MET)     55.0        6%       82%'
2020-02-21 20:40:59,018 |       pack.rivet.run |   INFO | b'Pass pT2                  6.0        1%       11%'
2020-02-21 20:40:59,019 |       pack.rivet.run |   INFO | b'Pass MET/sqrtHT           3.0        0%       50%'
2020-02-21 20:40:59,019 |       pack.rivet.run |   INFO | b'Pass m_eff(incl)          3.0        0%      100%'
2020-02-21 20:40:59,019 |       pack.rivet.run |   INFO | b''
2020-02-21 20:40:59,019 |       pack.rivet.run |   INFO | b'2jm cut-flow:'
2020-02-21 20:40:59,020 |       pack.rivet.run |   INFO | b'Count    A_cumu    A_incr'
2020-02-21 20:40:59,020 |       pack.rivet.run |   INFO | b'1000.0      100%        -'
2020-02-21 20:40:59,020 |       pack.rivet.run |   INFO | b'Pass Pre-sel+MET+pT1     43.0        4%        4%'
2020-02-21 20:40:59,021 |       pack.rivet.run |   INFO | b'Pass Njet                43.0        4%      100%'
2020-02-21 20:40:59,021 |       pack.rivet.run |   INFO | b'Pass Dphi_min(j,MET)     39.0        4%       91%'
2020-02-21 20:40:59,021 |       pack.rivet.run |   INFO | b'Pass pT2                 39.0        4%      100%'
2020-02-21 20:40:59,021 |       pack.rivet.run |   INFO | b'Pass MET/sqrtHT          26.0        3%       67%'
2020-02-21 20:40:59,022 |       pack.rivet.run |   INFO | b'Pass m_eff(incl)          6.0        1%       23%'
2020-02-21 20:40:59,022 |       pack.rivet.run |   INFO | b''
2020-02-21 20:40:59,022 |       pack.rivet.run |   INFO | b'2jt cut-flow:'
2020-02-21 20:40:59,023 |       pack.rivet.run |   INFO | b'Count    A_cumu    A_incr'
2020-02-21 20:40:59,023 |       pack.rivet.run |   INFO | b'1000.0      100%        -'
2020-02-21 20:40:59,023 |       pack.rivet.run |   INFO | b'Pass Pre-sel+MET+pT1     67.0        7%        7%'
2020-02-21 20:40:59,024 |       pack.rivet.run |   INFO | b'Pass Njet                67.0        7%      100%'
2020-02-21 20:40:59,024 |       pack.rivet.run |   INFO | b'Pass Dphi_min(j,MET)     55.0        6%       82%'
2020-02-21 20:40:59,024 |       pack.rivet.run |   INFO | b'Pass pT2                  6.0        1%       11%'
2020-02-21 20:40:59,024 |       pack.rivet.run |   INFO | b'Pass MET/sqrtHT           2.0        0%       33%'
2020-02-21 20:40:59,024 |       pack.rivet.run |   INFO | b'Pass m_eff(incl)          1.0        0%       50%'
2020-02-21 20:40:59,025 |       pack.rivet.run |   INFO | b''
2020-02-21 20:40:59,025 |       pack.rivet.run |   INFO | b'4jt cut-flow:'
2020-02-21 20:40:59,025 |       pack.rivet.run |   INFO | b'Count    A_cumu    A_incr'
2020-02-21 20:40:59,025 |       pack.rivet.run |   INFO | b'1000.0      100%        -'
2020-02-21 20:40:59,025 |       pack.rivet.run |   INFO | b'Pass Pre-sel+MET+pT1     67.0        7%        7%'
2020-02-21 20:40:59,026 |       pack.rivet.run |   INFO | b'Pass Njet                 5.0        1%        7%'
2020-02-21 20:40:59,026 |       pack.rivet.run |   INFO | b'Pass Dphi_min(j,MET)      4.0        0%       80%'
2020-02-21 20:40:59,026 |       pack.rivet.run |   INFO | b'Pass pT2                  4.0        0%      100%'
2020-02-21 20:40:59,026 |       pack.rivet.run |   INFO | b'Pass pT4                  0.0        0%        0%'
2020-02-21 20:40:59,026 |       pack.rivet.run |   INFO | b'Pass Aplanarity           0.0        0%        -'
2020-02-21 20:40:59,027 |       pack.rivet.run |   INFO | b'Pass MET/m_eff(Nj)        0.0        0%        -'
2020-02-21 20:40:59,027 |       pack.rivet.run |   INFO | b'Pass m_eff(incl)          0.0        0%        -'
2020-02-21 20:40:59,027 |       pack.rivet.run |   INFO | b''
2020-02-21 20:40:59,027 |       pack.rivet.run |   INFO | b'5j cut-flow:'
2020-02-21 20:40:59,028 |       pack.rivet.run |   INFO | b'Count    A_cumu    A_incr'
2020-02-21 20:40:59,028 |       pack.rivet.run |   INFO | b'1000.0      100%        -'
2020-02-21 20:40:59,028 |       pack.rivet.run |   INFO | b'Pass Pre-sel+MET+pT1     67.0        7%        7%'
2020-02-21 20:40:59,028 |       pack.rivet.run |   INFO | b'Pass Njet                 0.0        0%        0%'
2020-02-21 20:40:59,028 |       pack.rivet.run |   INFO | b'Pass Dphi_min(j,MET)      0.0        0%        -'
2020-02-21 20:40:59,029 |       pack.rivet.run |   INFO | b'Pass pT2                  0.0        0%        -'
2020-02-21 20:40:59,029 |       pack.rivet.run |   INFO | b'Pass pT4                  0.0        0%        -'
2020-02-21 20:40:59,029 |       pack.rivet.run |   INFO | b'Pass Aplanarity           0.0        0%        -'
2020-02-21 20:40:59,029 |       pack.rivet.run |   INFO | b'Pass MET/m_eff(Nj)        0.0        0%        -'
2020-02-21 20:40:59,029 |       pack.rivet.run |   INFO | b'Pass m_eff(incl)          0.0        0%        -'
2020-02-21 20:40:59,030 |       pack.rivet.run |   INFO | b''
2020-02-21 20:40:59,030 |       pack.rivet.run |   INFO | b'6jm cut-flow:'
2020-02-21 20:40:59,030 |       pack.rivet.run |   INFO | b'Count    A_cumu    A_incr'
2020-02-21 20:40:59,030 |       pack.rivet.run |   INFO | b'1000.0      100%        -'
2020-02-21 20:40:59,031 |       pack.rivet.run |   INFO | b'Pass Pre-sel+MET+pT1     67.0        7%        7%'
2020-02-21 20:40:59,031 |       pack.rivet.run |   INFO | b'Pass Njet                 0.0        0%        0%'
2020-02-21 20:40:59,031 |       pack.rivet.run |   INFO | b'Pass Dphi_min(j,MET)      0.0        0%        -'
2020-02-21 20:40:59,031 |       pack.rivet.run |   INFO | b'Pass pT2                  0.0        0%        -'
2020-02-21 20:40:59,032 |       pack.rivet.run |   INFO | b'Pass pT4                  0.0        0%        -'
2020-02-21 20:40:59,032 |       pack.rivet.run |   INFO | b'Pass Aplanarity           0.0        0%        -'
2020-02-21 20:40:59,032 |       pack.rivet.run |   INFO | b'Pass MET/m_eff(Nj)        0.0        0%        -'
2020-02-21 20:40:59,032 |       pack.rivet.run |   INFO | b'Pass m_eff(incl)          0.0        0%        -'
2020-02-21 20:40:59,033 |       pack.rivet.run |   INFO | b''
2020-02-21 20:40:59,033 |       pack.rivet.run |   INFO | b'6jt cut-flow:'
2020-02-21 20:40:59,033 |       pack.rivet.run |   INFO | b'Count    A_cumu    A_incr'
2020-02-21 20:40:59,033 |       pack.rivet.run |   INFO | b'1000.0      100%        -'
2020-02-21 20:40:59,033 |       pack.rivet.run |   INFO | b'Pass Pre-sel+MET+pT1     67.0        7%        7%'
2020-02-21 20:40:59,034 |       pack.rivet.run |   INFO | b'Pass Njet                 0.0        0%        0%'
2020-02-21 20:40:59,034 |       pack.rivet.run |   INFO | b'Pass Dphi_min(j,MET)      0.0        0%        -'
2020-02-21 20:40:59,034 |       pack.rivet.run |   INFO | b'Pass pT2                  0.0        0%        -'
2020-02-21 20:40:59,034 |       pack.rivet.run |   INFO | b'Pass pT4                  0.0        0%        -'
2020-02-21 20:40:59,034 |       pack.rivet.run |   INFO | b'Pass Aplanarity           0.0        0%        -'
2020-02-21 20:40:59,035 |       pack.rivet.run |   INFO | b'Pass MET/m_eff(Nj)        0.0        0%        -'
2020-02-21 20:40:59,035 |       pack.rivet.run |   INFO | b'Pass m_eff(incl)          0.0        0%        -'
2020-02-21 20:40:59,035 |       pack.rivet.run |   INFO | b''
2020-02-21 20:40:59,035 |       pack.rivet.run |   INFO | b''
2020-02-21 20:40:59,036 |       pack.rivet.run |   INFO | b'Rivet.Analysis.Handler: INFO  Processed 1000 events'
2020-02-21 20:40:59,036 |       pack.rivet.run |   INFO | b''
2020-02-21 20:40:59,036 |       pack.rivet.run |   INFO | b'The MCnet usage guidelines apply to Rivet: see http://www.montecarlonet.org/GUIDELINES'
2020-02-21 20:40:59,036 |       pack.rivet.run |   INFO | b'Please acknowledge plots made with Rivet analyses, and cite arXiv:1003.0694 (http://arxiv.org/abs/1003.0694)'
2020-02-21 20:40:59,037 |       pack.rivet.run |   INFO | b'Rivet run completed at 2020-02-22 04:40:59, time elapsed = 0:00:15'
2020-02-21 20:40:59,037 |       pack.rivet.run |   INFO | b'Histograms written to /Users/vlad/Documents/EPEprojects/yadage-tests/madgraph_pythia-rivet/workdir/rivet/rivet_analysis.yoda'
2020-02-21 20:40:59,037 |       pack.rivet.run |   INFO | b''
2020-02-21 20:40:59,037 |       pack.rivet.run |   INFO | b''
