2020-02-21 20:40:41,662 |      pack.rivet.step |   INFO | starting file logging for topic: step
2020-02-21 20:40:41,732 |      pack.rivet.step |  DEBUG | 
--------------
running one liner in container.
command: rivet -a ATLAS_2016_I1458270 -H /Users/vlad/Documents/EPEprojects/yadage-tests/madgraph_pythia-rivet/workdir/rivet/rivet_analysis.yoda /Users/vlad/Documents/EPEprojects/yadage-tests/madgraph_pythia-rivet/workdir/pythia/output.hepmc
--------------
    
2020-02-21 20:40:41,732 |      pack.rivet.step |  DEBUG | 
--------------
run in docker container image: recast/rivet
with env: default env
resources: []
--------------
    
2020-02-21 20:40:41,732 |      pack.rivet.step |  DEBUG | do_auth: False do_cvmfs: False
2020-02-21 20:40:41,733 |      pack.rivet.step |  DEBUG | rspec is
{
    "mounts": [
        {
            "type": "bind",
            "source": "/Users/vlad/Documents/EPEprojects/yadage-tests/madgraph_pythia-rivet/workdir/rivet",
            "destination": "/Users/vlad/Documents/EPEprojects/yadage-tests/madgraph_pythia-rivet/workdir/rivet",
            "readonly": false
        },
        {
            "type": "bind",
            "source": "/Users/vlad/Documents/EPEprojects/yadage-tests/madgraph_pythia-rivet/inputs",
            "destination": "/Users/vlad/Documents/EPEprojects/yadage-tests/madgraph_pythia-rivet/inputs",
            "readonly": false
        },
        {
            "type": "bind",
            "source": "/Users/vlad/Documents/EPEprojects/yadage-tests/madgraph_pythia-rivet/workdir/pythia",
            "destination": "/Users/vlad/Documents/EPEprojects/yadage-tests/madgraph_pythia-rivet/workdir/pythia",
            "readonly": false
        }
    ],
    "image": "recast/rivet:latest",
    "workdir": null,
    "argv": [
        "sh",
        "-c",
        "rivet -a ATLAS_2016_I1458270 -H /Users/vlad/Documents/EPEprojects/yadage-tests/madgraph_pythia-rivet/workdir/rivet/rivet_analysis.yoda /Users/vlad/Documents/EPEprojects/yadage-tests/madgraph_pythia-rivet/workdir/pythia/output.hepmc"
    ],
    "stdin": null,
    "tty": false
}
2020-02-21 20:40:41,733 |      pack.rivet.step |  DEBUG | command: 
docker pull recast/rivet:latest
2020-02-21 20:40:41,733 |      pack.rivet.step |  DEBUG | stdin if any: None
2020-02-21 20:40:41,738 |      pack.rivet.step |  DEBUG | started subprocess with pid 87109. now wait to finish
2020-02-21 20:40:42,245 |      pack.rivet.step |  DEBUG | process children: []
2020-02-21 20:40:43,130 |      pack.rivet.step |  DEBUG | container execution subprocess finished. return code: 0
2020-02-21 20:40:43,131 |      pack.rivet.step |  DEBUG | moving on from subprocess execution: docker pull recast/rivet:latest
2020-02-21 20:40:43,131 |      pack.rivet.step |  DEBUG | finally for docker pull recast/rivet:latest
2020-02-21 20:40:43,132 |      pack.rivet.step |  DEBUG | command: 
docker run --rm   --cidfile /Users/vlad/Documents/EPEprojects/yadage-tests/madgraph_pythia-rivet/workdir/rivet/_packtivity/rivet.cid     -v /Users/vlad/Documents/EPEprojects/yadage-tests/madgraph_pythia-rivet/workdir/rivet:/Users/vlad/Documents/EPEprojects/yadage-tests/madgraph_pythia-rivet/workdir/rivet:rw -v /Users/vlad/Documents/EPEprojects/yadage-tests/madgraph_pythia-rivet/inputs:/Users/vlad/Documents/EPEprojects/yadage-tests/madgraph_pythia-rivet/inputs:rw -v /Users/vlad/Documents/EPEprojects/yadage-tests/madgraph_pythia-rivet/workdir/pythia:/Users/vlad/Documents/EPEprojects/yadage-tests/madgraph_pythia-rivet/workdir/pythia:rw recast/rivet:latest sh -c 'rivet -a ATLAS_2016_I1458270 -H /Users/vlad/Documents/EPEprojects/yadage-tests/madgraph_pythia-rivet/workdir/rivet/rivet_analysis.yoda /Users/vlad/Documents/EPEprojects/yadage-tests/madgraph_pythia-rivet/workdir/pythia/output.hepmc'
2020-02-21 20:40:43,132 |      pack.rivet.step |  DEBUG | stdin if any: None
2020-02-21 20:40:43,136 |      pack.rivet.step |  DEBUG | started subprocess with pid 87113. now wait to finish
2020-02-21 20:40:43,643 |      pack.rivet.step |  DEBUG | process children: []
2020-02-21 20:40:59,239 |      pack.rivet.step |  DEBUG | container execution subprocess finished. return code: 0
2020-02-21 20:40:59,240 |      pack.rivet.step |  DEBUG | moving on from subprocess execution: docker run --rm   --cidfile /Users/vlad/Documents/EPEprojects/yadage-tests/madgraph_pythia-rivet/workdir/rivet/_packtivity/rivet.cid     -v /Users/vlad/Documents/EPEprojects/yadage-tests/madgraph_pythia-rivet/workdir/rivet:/Users/vlad/Documents/EPEprojects/yadage-tests/madgraph_pythia-rivet/workdir/rivet:rw -v /Users/vlad/Documents/EPEprojects/yadage-tests/madgraph_pythia-rivet/inputs:/Users/vlad/Documents/EPEprojects/yadage-tests/madgraph_pythia-rivet/inputs:rw -v /Users/vlad/Documents/EPEprojects/yadage-tests/madgraph_pythia-rivet/workdir/pythia:/Users/vlad/Documents/EPEprojects/yadage-tests/madgraph_pythia-rivet/workdir/pythia:rw recast/rivet:latest sh -c 'rivet -a ATLAS_2016_I1458270 -H /Users/vlad/Documents/EPEprojects/yadage-tests/madgraph_pythia-rivet/workdir/rivet/rivet_analysis.yoda /Users/vlad/Documents/EPEprojects/yadage-tests/madgraph_pythia-rivet/workdir/pythia/output.hepmc'
2020-02-21 20:40:59,240 |      pack.rivet.step |  DEBUG | finally for docker run --rm   --cidfile /Users/vlad/Documents/EPEprojects/yadage-tests/madgraph_pythia-rivet/workdir/rivet/_packtivity/rivet.cid     -v /Users/vlad/Documents/EPEprojects/yadage-tests/madgraph_pythia-rivet/workdir/rivet:/Users/vlad/Documents/EPEprojects/yadage-tests/madgraph_pythia-rivet/workdir/rivet:rw -v /Users/vlad/Documents/EPEprojects/yadage-tests/madgraph_pythia-rivet/inputs:/Users/vlad/Documents/EPEprojects/yadage-tests/madgraph_pythia-rivet/inputs:rw -v /Users/vlad/Documents/EPEprojects/yadage-tests/madgraph_pythia-rivet/workdir/pythia:/Users/vlad/Documents/EPEprojects/yadage-tests/madgraph_pythia-rivet/workdir/pythia:rw recast/rivet:latest sh -c 'rivet -a ATLAS_2016_I1458270 -H /Users/vlad/Documents/EPEprojects/yadage-tests/madgraph_pythia-rivet/workdir/rivet/rivet_analysis.yoda /Users/vlad/Documents/EPEprojects/yadage-tests/madgraph_pythia-rivet/workdir/pythia/output.hepmc'
2020-02-21 20:40:59,262 |      pack.rivet.step |   INFO | publishing data: <TypedLeafs: {'yoda': 'outputyoda'}>
